<?xml version="1.0" encoding="UTF-8"?>
<robot generator="Robot 6.0.2 (Python 3.11.3 on win32)" generated="20230606 16:41:37.177" rpa="false" schemaversion="3">
<suite id="s1" name="Script01" source="g:\Bois_de_Boulogne\Season3\Scripts\Robot_Framework\Script01.robot">
<test id="s1-t1" name="TestCase01" line="5">
<kw name="Ouvrir le site demo orange sur google chrome">
<kw name="Open Browser" library="SeleniumLibrary">
<arg>https://opensource-demo.orangehrmlive.com/web/index.php/auth/login</arg>
<arg>gc</arg>
<doc>Opens a new browser instance to the optional ``url``.</doc>
<msg timestamp="20230606 16:41:37.524" level="INFO">Opening browser 'gc' to base url 'https://opensource-demo.orangehrmlive.com/web/index.php/auth/login'.</msg>
<msg timestamp="20230606 16:41:37.545" level="INFO">Applicable driver not found; attempting to install with Selenium Manager (Beta)</msg>
<status status="PASS" starttime="20230606 16:41:37.524" endtime="20230606 16:41:45.427"/>
</kw>
<kw name="Maximize Browser Window" library="SeleniumLibrary">
<doc>Maximizes current browser window.</doc>
<status status="PASS" starttime="20230606 16:41:45.428" endtime="20230606 16:41:45.548"/>
</kw>
<kw name="Sleep" library="BuiltIn">
<arg>4</arg>
<doc>Pauses the test executed for the given time.</doc>
<msg timestamp="20230606 16:41:49.549" level="INFO">Slept 4 seconds</msg>
<status status="PASS" starttime="20230606 16:41:45.548" endtime="20230606 16:41:49.549"/>
</kw>
<status status="PASS" starttime="20230606 16:41:37.523" endtime="20230606 16:41:49.549"/>
</kw>
<kw name="Saisir le nom d'utilisateur">
<kw name="Input Text" library="SeleniumLibrary">
<arg>name:username</arg>
<arg>Admin</arg>
<doc>Types the given ``text`` into the text field identified by ``locator``.</doc>
<msg timestamp="20230606 16:41:49.552" level="INFO">Typing text 'Admin' into text field 'name:username'.</msg>
<status status="PASS" starttime="20230606 16:41:49.551" endtime="20230606 16:41:49.648"/>
</kw>
<status status="PASS" starttime="20230606 16:41:49.550" endtime="20230606 16:41:49.648"/>
</kw>
<kw name="Saisir le mot de passe">
<kw name="Input Password" library="SeleniumLibrary">
<arg>name:password</arg>
<arg>admin123</arg>
<doc>Types the given password into the text field identified by ``locator``.</doc>
<msg timestamp="20230606 16:41:49.650" level="INFO">Typing password into text field 'name:password'.</msg>
<msg timestamp="20230606 16:41:49.696" level="INFO">Temporally setting log level to: NONE</msg>
<msg timestamp="20230606 16:41:49.756" level="INFO">Log level changed from NONE to INFO.</msg>
<status status="PASS" starttime="20230606 16:41:49.649" endtime="20230606 16:41:49.756"/>
</kw>
<status status="PASS" starttime="20230606 16:41:49.649" endtime="20230606 16:41:49.756"/>
</kw>
<kw name="Cliquer sur le bouton login">
<kw name="Click Button" library="SeleniumLibrary">
<arg>xpath://button</arg>
<doc>Clicks the button identified by ``locator``.</doc>
<msg timestamp="20230606 16:41:49.757" level="INFO">Clicking button 'xpath://button'.</msg>
<status status="PASS" starttime="20230606 16:41:49.757" endtime="20230606 16:41:49.831"/>
</kw>
<kw name="Sleep" library="BuiltIn">
<arg>4</arg>
<doc>Pauses the test executed for the given time.</doc>
<msg timestamp="20230606 16:41:53.832" level="INFO">Slept 4 seconds</msg>
<status status="PASS" starttime="20230606 16:41:49.832" endtime="20230606 16:41:53.832"/>
</kw>
<status status="PASS" starttime="20230606 16:41:49.756" endtime="20230606 16:41:53.833"/>
</kw>
<kw name="Valider le mot dashboard est affiche">
<kw name="Page Should Contain" library="SeleniumLibrary">
<arg>Dashboard</arg>
<doc>Verifies that current page contains ``text``.</doc>
<msg timestamp="20230606 16:41:53.859" level="INFO">Current page contains text 'Dashboard'.</msg>
<status status="PASS" starttime="20230606 16:41:53.836" endtime="20230606 16:41:53.859"/>
</kw>
<kw name="Close Browser" library="SeleniumLibrary">
<doc>Closes the current browser.</doc>
<status status="PASS" starttime="20230606 16:41:53.859" endtime="20230606 16:41:56.045"/>
</kw>
<status status="PASS" starttime="20230606 16:41:53.835" endtime="20230606 16:41:56.046"/>
</kw>
<status status="PASS" starttime="20230606 16:41:37.522" endtime="20230606 16:41:56.047"/>
</test>
<status status="PASS" starttime="20230606 16:41:37.185" endtime="20230606 16:41:56.048"/>
</suite>
<statistics>
<total>
<stat pass="1" fail="0" skip="0">All Tests</stat>
</total>
<tag>
</tag>
<suite>
<stat pass="1" fail="0" skip="0" id="s1" name="Script01">Script01</stat>
</suite>
</statistics>
<errors>
</errors>
</robot>
